============================= test session starts ==============================
platform linux -- Python 3.12.14, pytest-8.4.2, pluggy-1.6.0
rootdir: <HOME>/src/FreeToken-v02-release-7465057
configfile: pyproject.toml
testpaths: tests
plugins: anyio-4.14.2
collected 1688 items / 11 deselected / 1677 selected

tests/daemon/test_daemon_import_safety.py .                              [  0%]
tests/daemon/test_daemon_serve_manager.py .............................. [  1%]
                                                                         [  1%]
tests/dsv4/test_dsv4_attn_backend.py ........                            [  2%]
tests/e2e/test_aime.py s                                                 [  2%]
tests/e2e/test_cache_rebuild.py s                                        [  2%]
tests/engine/test_attention_backend_arch.py ..................           [  3%]
tests/engine/test_attention_backend_matrix.py .......................... [  5%]
..................                                                       [  6%]
tests/engine/test_cache_budget.py ...........................            [  7%]
tests/engine/test_moe_cpu_layers.py .........                            [  8%]
tests/engine/test_ple_graph_staging.py ..                                [  8%]
tests/engine/test_qsa_attention_matrix.py ..........                     [  9%]
tests/kernels/test_dsv4_indexer_decode.py .......                        [  9%]
tests/kernels/test_dsv4_sparse_attn.py .................                 [ 10%]
tests/kernels/test_e4m3_compat.py ...                                    [ 10%]
tests/kernels/test_fp8_pertensor_linear.py ............................. [ 12%]
....                                                                     [ 12%]
tests/kernels/test_gemma4_fused_ops.py ............                      [ 13%]
tests/kernels/test_kernel_cache_version.py ...........                   [ 13%]
tests/kernels/test_minimax_m3_sparse.py ..................               [ 15%]
tests/kernels/test_mxfp8_linear.py ..................................... [ 17%]
.....................                                                    [ 18%]
tests/kernels/test_pinned_tensor.py ......s.                             [ 18%]
tests/kernels/test_qsa_reference.py .....                                [ 19%]
tests/kernels/test_qsa_sm120.py ...........                              [ 19%]
tests/kernels/test_qsa_torch_backend.py ......                           [ 20%]
tests/kernels/test_qsa_vectorized.py .....                               [ 20%]
tests/kernels/test_rotary.py ....                                        [ 20%]
tests/kernels/test_triton_attention.py ................................. [ 22%]
                                                                         [ 22%]
tests/kvcache/radix/test_hybrid_radix.py ......................          [ 24%]
tests/kvcache/radix/test_plain_radix.py ...............................  [ 25%]
tests/kvcache/radix/test_swa_radix.py .................................. [ 27%]
.......s.......................................                          [ 30%]
tests/kvcache/radix/test_tree_and_harness.py .........                   [ 31%]
tests/kvcache/test_bsa_pool.py ....                                      [ 31%]
tests/kvcache/test_cache_unit_bytes.py ................                  [ 32%]
tests/kvcache/test_dsa_pool.py ....                                      [ 32%]
tests/kvcache/test_dsv4_free_list.py .....                               [ 33%]
tests/kvcache/test_dsv4_pool.py ...................................      [ 35%]
tests/kvcache/test_hybrid_swa_kv_cache.py ...                            [ 35%]
tests/kvcache/test_kv_cache_rebuild.py ..........                        [ 35%]
tests/kvcache/test_linear_state_pool_alloc.py ....                       [ 36%]
tests/kvcache/test_ple_state_pool.py ..                                  [ 36%]
tests/kvcache/test_pool_sizing_surface.py ..........                     [ 36%]
tests/kvcache/test_qsa_pool.py ........                                  [ 37%]
tests/kvcache/test_swa_paged_pool.py ......                              [ 37%]
tests/models/test_auxiliary_banks.py .                                   [ 37%]
tests/models/test_gemma4_gguf_rope.py s.                                 [ 37%]
tests/models/test_glm_dsa.py .......                                     [ 38%]
tests/models/test_minimax_m3.py ..........                               [ 38%]
tests/models/test_models_loader.py .........                             [ 39%]
tests/models/test_models_registry.py .                                   [ 39%]
tests/models/test_muse_glimmer.py ............                           [ 40%]
tests/models/test_qwen4_exp_config_safety.py .....                       [ 40%]
tests/models/test_qwen4_exp_hyperconnection.py ........                  [ 40%]
tests/models/test_qwen4_exp_model.py ......                              [ 41%]
tests/models/test_qwen4_exp_mrope.py ....                                [ 41%]
tests/models/test_qwen4_exp_ple.py .................                     [ 42%]
tests/models/test_qwen4_exp_ple_io.py ........                           [ 43%]
tests/models/test_qwen4_exp_vision.py ...                                [ 43%]
tests/models/test_qwen4_exp_weight.py ......................             [ 44%]
tests/moe/test_cpu_moe.py ....................                           [ 45%]
tests/moe/test_cpu_moe_q4_0.py ....                                      [ 45%]
tests/moe/test_dsfp4_grouped_prefill.py .....                            [ 46%]
tests/moe/test_dsfp4_prequant.py .                                       [ 46%]
tests/moe/test_fused_moe.py ..........................                   [ 47%]
tests/moe/test_gpt_oss.py .......                                        [ 48%]
tests/moe/test_hybrid_fetch.py .....                                     [ 48%]
tests/moe/test_nvfp4_backends.py sss.........s                           [ 49%]
tests/moe/test_offload.py ...............................                [ 51%]
tests/moe/test_prefill_hit_d2d.py .....                                  [ 51%]
tests/q38lab/test_attestation.py ..                                      [ 51%]
tests/q38lab/test_checkpoint.py ........                                 [ 52%]
tests/q38lab/test_cli.py ...........                                     [ 52%]
tests/q38lab/test_config.py ...............                              [ 53%]
tests/q38lab/test_doctor.py ........                                     [ 54%]
tests/q38lab/test_http.py ......                                         [ 54%]
tests/q38lab/test_smoke.py ....                                          [ 54%]
tests/release/test_evidence.py ....................                      [ 55%]
tests/release/test_ple_checkpoint_probe.py .....                         [ 56%]
tests/release/test_release_tools.py .............................        [ 57%]
tests/scheduler/test_abort_inflight_prefill.py .....                     [ 58%]
tests/scheduler/test_auxiliary_token_snapshot.py .                       [ 58%]
tests/scheduler/test_cache_rebuild.py .....                              [ 58%]
tests/scheduler/test_commit_repoints_page_table.py ....                  [ 58%]
tests/scheduler/test_cost_accounting_core.py ................            [ 59%]
tests/scheduler/test_dsv4_generic_manager.py ........                    [ 60%]
tests/scheduler/test_hybrid_cache_manager.py .....                       [ 60%]
tests/scheduler/test_multimodal_chunks.py .....                          [ 60%]
tests/scheduler/test_req_append_host.py ..                               [ 61%]
tests/scheduler/test_runtime_telemetry.py ..                             [ 61%]
tests/scheduler/test_scheduler_chunked_prefill.py ....                   [ 61%]
tests/scheduler/test_scheduler_kv_usage.py ....                          [ 61%]
tests/scheduler/test_scheduler_status.py ........                        [ 62%]
tests/scheduler/test_swa_commit_lock_and_floor.py ............           [ 62%]
tests/scheduler/test_swa_pagesize.py ...............                     [ 63%]
tests/server/test_anthropic_api.py .................................     [ 65%]
tests/server/test_downstream_identity.py .                               [ 65%]
tests/server/test_effort_dialect.py ................                     [ 66%]
tests/server/test_function_call_parser.py .............................. [ 68%]
..........                                                               [ 69%]
tests/server/test_generation_accounting.py .........                     [ 69%]
tests/server/test_image_media.py ..........................              [ 71%]
tests/server/test_message_wire.py .........                              [ 71%]
tests/server/test_minimax_m3_parsers.py ................................ [ 73%]
.....                                                                    [ 73%]
tests/server/test_muse_glimmer_parsers.py .............................. [ 75%]
....................................................................     [ 79%]
tests/server/test_openai_api.py ...............................          [ 81%]
tests/server/test_parser_auto_selection.py ...........................   [ 83%]
tests/server/test_prepare_stop_accounting.py ...........                 [ 83%]
tests/server/test_reasoning_parser_all_models.py ..................      [ 84%]
tests/server/test_reasoning_parser_dsv4.py ....................          [ 86%]
tests/server/test_rebuild_maintenance.py ...........                     [ 86%]
tests/server/test_responses_api.py ..................................... [ 88%]
..                                                                       [ 89%]
tests/server/test_runtime_telemetry.py ....                              [ 89%]
tests/server/test_streaming_model_matrix.py ............................ [ 90%]
........................................................................ [ 95%]
......................                                                   [ 96%]
tests/server/test_supervisor.py ............                             [ 97%]
tests/server/test_think_gears.py .......                                 [ 97%]
tests/tokenizer/test_effort.py .............                             [ 98%]
tests/tokenizer/test_image_processor.py ...........                      [ 99%]
tests/tokenizer/test_resolve_thinking_mode.py .....                      [ 99%]
tests/tokenizer/test_tokenize.py .........                               [100%]

=============================== warnings summary ===============================
.venv/lib/python3.12/site-packages/fastapi/testclient.py:1
  <HOME>/src/FreeToken-v02-release-7465057/.venv/lib/python3.12/site-packages/fastapi/testclient.py:1: StarletteDeprecationWarning: Using `httpx` with `starlette.testclient` is deprecated; install `httpx2` instead.
    from starlette.testclient import TestClient as TestClient  # noqa

tests/kernels/test_gemma4_fused_ops.py::test_gemma_rmsnorm_uses_sgl_kernel_semantics[shape0-False]
  <HOME>/src/FreeToken-v02-release-7465057/.venv/lib/python3.12/site-packages/flashinfer/cute_dsl/utils.py:86: DeprecationWarning: Arch from arch.py is deprecated. Use Arch from enums.py instead.
    from cutlass.base_dsl.arch import Arch

-- Docs: https://docs.pytest.org/en/stable/how-to/capture-warnings.html
==== 1668 passed, 9 skipped, 11 deselected, 2 warnings in 183.31s (0:03:03) ====
